Arguments: 
  /data/data/com.termux/files/usr/bin/node /data/data/com.termux/files/home/.yarn/bin/yarn.js add svelte-routing

PATH: 
  /data/data/com.termux/files/home/.yarn/bin:/data/data/com.termux/files/home/.config/yarn/global/node_modules/.bin:/data/data/com.termux/files/home/.local/bin:/data/data/com.termux/files/home/.pub-cache/bin:/data/data/com.termux/files/home/.pub-cache/bin:/data/data/com.termux/files/home/.yarn/bin:/data/data/com.termux/files/home/.config/yarn/global/node_modules/.bin:/data/data/com.termux/files/home/.zinit/polaris/bin:/data/data/com.termux/files/home/.local/bin:/data/data/com.termux/files/home/.pub-cache/bin:/data/data/com.termux/files/home/.pub-cache/bin:/data/data/com.termux/files/usr/bin:/data/data/com.termux/files/home/.fzf/bin

Yarn version: 
  1.22.18

Node version: 
  16.15.0

Platform: 
  android arm64

Trace: 
  Error: read ECONNABORTED
      at TLSWrap.onStreamRead (node:internal/stream_base_commons:217:20)

npm manifest: 
  {
    "name": "svelte-app",
    "version": "1.0.0",
    "private": true,
    "scripts": {
      "build": "rollup -c",
      "dev": "rollup -c -w",
      "start": "sirv public --no-clear"
    },
    "devDependencies": {
      "@rollup/plugin-commonjs": "^17.0.0",
      "@rollup/plugin-node-resolve": "^11.0.0",
      "rollup": "^2.3.4",
      "rollup-plugin-css-only": "^3.1.0",
      "rollup-plugin-livereload": "^2.0.0",
      "rollup-plugin-svelte": "^7.0.0",
      "rollup-plugin-terser": "^7.0.0",
      "svelte": "^3.0.0"
    },
    "dependencies": {
      "sirv-cli": "^2.0.0"
    }
  }

yarn manifest: 
  No manifest

Lockfile: 
  No lockfile
